Speaker ID: M02
Learning rate: {learning_rate}
Training batch size: 4
Evaluation batch size: 4
Random seed: 42
Gradient accumulation steps: 2
Optimizer type: adamw_torch
Learning rate scheduler type: linear
Number of epochs: 20
Keep all data: False
Debug mode: False
Repository suffix: 
The CSV file exists.
torgo_dataset_path: /work/van-speech-nlp/data/torgo
torgo_dataset_dir_path: /work/van-speech-nlp/data/torgo/
{'loss': 0.6178, 'learning_rate': 4.94e-05, 'epoch': 0.85}
{'eval_loss': 0.3569907546043396, 'eval_wer': 29.28692699490662, 'eval_runtime': 99.8607, 'eval_samples_per_second': 4.606, 'eval_steps_per_second': 4.606, 'epoch': 0.85}
{'loss': 0.105, 'learning_rate': 9.94e-05, 'epoch': 1.7}
{'eval_loss': 0.3471474349498749, 'eval_wer': 35.73853989813243, 'eval_runtime': 100.387, 'eval_samples_per_second': 4.582, 'eval_steps_per_second': 4.582, 'epoch': 1.7}
{'loss': 0.1006, 'learning_rate': 9.54089219330855e-05, 'epoch': 2.55}
{'eval_loss': 0.37969622015953064, 'eval_wer': 35.144312393887944, 'eval_runtime': 98.7838, 'eval_samples_per_second': 4.657, 'eval_steps_per_second': 4.657, 'epoch': 2.55}
{'loss': 0.0661, 'learning_rate': 9.076208178438662e-05, 'epoch': 3.4}
{'eval_loss': 0.313245952129364, 'eval_wer': 49.830220713073004, 'eval_runtime': 99.4168, 'eval_samples_per_second': 4.627, 'eval_steps_per_second': 4.627, 'epoch': 3.4}
{'loss': 0.0483, 'learning_rate': 8.611524163568773e-05, 'epoch': 4.25}
{'eval_loss': 0.3368315100669861, 'eval_wer': 62.64855687606112, 'eval_runtime': 100.672, 'eval_samples_per_second': 4.569, 'eval_steps_per_second': 4.569, 'epoch': 4.25}
{'loss': 0.0335, 'learning_rate': 8.146840148698885e-05, 'epoch': 5.1}
{'eval_loss': 0.2920537292957306, 'eval_wer': 39.72835314091681, 'eval_runtime': 93.1947, 'eval_samples_per_second': 4.936, 'eval_steps_per_second': 4.936, 'epoch': 5.1}
{'loss': 0.0271, 'learning_rate': 7.682156133828997e-05, 'epoch': 5.95}
{'eval_loss': 0.31778255105018616, 'eval_wer': 31.833616298811545, 'eval_runtime': 99.3127, 'eval_samples_per_second': 4.632, 'eval_steps_per_second': 4.632, 'epoch': 5.95}
{'loss': 0.0222, 'learning_rate': 7.217472118959108e-05, 'epoch': 6.8}
{'eval_loss': 0.32136350870132446, 'eval_wer': 56.6213921901528, 'eval_runtime': 96.2318, 'eval_samples_per_second': 4.78, 'eval_steps_per_second': 4.78, 'epoch': 6.8}
{'loss': 0.0188, 'learning_rate': 6.75278810408922e-05, 'epoch': 7.65}
{'eval_loss': 0.32553574442863464, 'eval_wer': 29.37181663837012, 'eval_runtime': 96.1713, 'eval_samples_per_second': 4.783, 'eval_steps_per_second': 4.783, 'epoch': 7.65}
{'loss': 0.0135, 'learning_rate': 6.288104089219331e-05, 'epoch': 8.5}
{'eval_loss': 0.35247132182121277, 'eval_wer': 40.32258064516129, 'eval_runtime': 96.6469, 'eval_samples_per_second': 4.76, 'eval_steps_per_second': 4.76, 'epoch': 8.5}
{'loss': 0.0098, 'learning_rate': 5.8234200743494424e-05, 'epoch': 9.35}
{'eval_loss': 0.30037379264831543, 'eval_wer': 31.32427843803056, 'eval_runtime': 96.0555, 'eval_samples_per_second': 4.789, 'eval_steps_per_second': 4.789, 'epoch': 9.35}
{'loss': 0.0094, 'learning_rate': 5.3587360594795546e-05, 'epoch': 10.2}
{'eval_loss': 0.3255144953727722, 'eval_wer': 29.541595925297116, 'eval_runtime': 97.389, 'eval_samples_per_second': 4.723, 'eval_steps_per_second': 4.723, 'epoch': 10.2}
{'loss': 0.0063, 'learning_rate': 4.8940520446096656e-05, 'epoch': 11.05}
{'eval_loss': 0.31111475825309753, 'eval_wer': 32.34295415959253, 'eval_runtime': 97.662, 'eval_samples_per_second': 4.71, 'eval_steps_per_second': 4.71, 'epoch': 11.05}
{'loss': 0.0042, 'learning_rate': 4.429368029739777e-05, 'epoch': 11.9}
{'eval_loss': 0.31977978348731995, 'eval_wer': 42.10526315789473, 'eval_runtime': 96.3343, 'eval_samples_per_second': 4.775, 'eval_steps_per_second': 4.775, 'epoch': 11.9}
