Speaker ID: F01
Learning rate: 0.0001
Training batch size: 4
Evaluation batch size: 4
Random seed: 42
Gradient accumulation steps: 2
Optimizer type: adamw_torch
Learning rate scheduler type: linear
Number of epochs: 20
Keep all data: False
Debug mode: False
Repository suffix: 
The CSV file exists.
torgo_dataset_path: /work/van-speech-nlp/data/torgo
torgo_dataset_dir_path: /work/van-speech-nlp/data/torgo/
air
Average WER: 0.9032452336023765
Speaker ID: F03
Learning rate: 0.0001
Training batch size: 4
Evaluation batch size: 4
Random seed: 42
Gradient accumulation steps: 2
Optimizer type: adamw_torch
Learning rate scheduler type: linear
Number of epochs: 20
Keep all data: False
Debug mode: False
Repository suffix: 
The CSV file exists.
torgo_dataset_path: /work/van-speech-nlp/data/torgo
torgo_dataset_dir_path: /work/van-speech-nlp/data/torgo/
meat
Average WER: 0.6103074009324009
Speaker ID: F04
Learning rate: 0.0001
Training batch size: 4
Evaluation batch size: 4
Random seed: 42
Gradient accumulation steps: 2
Optimizer type: adamw_torch
Learning rate scheduler type: linear
Number of epochs: 20
Keep all data: False
Debug mode: False
Repository suffix: 
The CSV file exists.
torgo_dataset_path: /work/van-speech-nlp/data/torgo
torgo_dataset_dir_path: /work/van-speech-nlp/data/torgo/
meat
Average WER: 0.3013559102114961
Speaker ID: M02
Learning rate: 0.0001
Training batch size: 4
Evaluation batch size: 4
Random seed: 42
Gradient accumulation steps: 2
Optimizer type: adamw_torch
Learning rate scheduler type: linear
Number of epochs: 20
Keep all data: False
Debug mode: False
Repository suffix: 
The CSV file exists.
torgo_dataset_path: /work/van-speech-nlp/data/torgo
torgo_dataset_dir_path: /work/van-speech-nlp/data/torgo/
meat
Average WER: 1.0366717403951444
Speaker ID: M03
Learning rate: 0.0001
Training batch size: 4
Evaluation batch size: 4
Random seed: 42
Gradient accumulation steps: 2
Optimizer type: adamw_torch
Learning rate scheduler type: linear
Number of epochs: 20
Keep all data: False
Debug mode: False
Repository suffix: 
The CSV file exists.
torgo_dataset_path: /work/van-speech-nlp/data/torgo
torgo_dataset_dir_path: /work/van-speech-nlp/data/torgo/
meat
Average WER: 0.16136339151045032
Speaker ID: M04
Learning rate: 0.0001
Training batch size: 4
Evaluation batch size: 4
Random seed: 42
Gradient accumulation steps: 2
Optimizer type: adamw_torch
Learning rate scheduler type: linear
Number of epochs: 20
Keep all data: False
Debug mode: False
Repository suffix: 
The CSV file exists.
torgo_dataset_path: /work/van-speech-nlp/data/torgo
torgo_dataset_dir_path: /work/van-speech-nlp/data/torgo/
meat
Average WER: 0.9704303104303105
Speaker ID: M05
Learning rate: 0.0001
Training batch size: 4
Evaluation batch size: 4
Random seed: 42
Gradient accumulation steps: 2
Optimizer type: adamw_torch
Learning rate scheduler type: linear
Number of epochs: 20
Keep all data: False
Debug mode: False
Repository suffix: 
The CSV file exists.
torgo_dataset_path: /work/van-speech-nlp/data/torgo
torgo_dataset_dir_path: /work/van-speech-nlp/data/torgo/
meat
Average WER: 0.8483423485796902
