31-May-24 02:24:41 - Test Speaker: MC01
31-May-24 02:24:41 - Log File Path: output/logs/torgo_tiny_finetune_MC01/MC01_train_20240531_022441.log

31-May-24 02:24:53 - Splitting the dataset into training / validation / test sets...
31-May-24 02:24:53 - Unique speakers found in the dataset:
31-May-24 02:24:53 - ['F01' 'F03' 'F04' 'FC01' 'FC02' 'FC03' 'M01' 'M02' 'M03' 'M04' 'M05'
 'MC01' 'MC02' 'MC03' 'MC04']

31-May-24 02:25:01 - After removal of repeated prompts, the number of data in each dataset is:
31-May-24 02:25:01 - Train:       8218/13178 (62%)
31-May-24 02:25:01 - Validation:  483/1075 (44%)
31-May-24 02:25:01 - Test:        508/2141 (23%)

31-May-24 02:27:50 - Test Speaker: MC01
31-May-24 02:27:50 - Log File Path: output/logs/torgo_tiny_finetune_MC01/MC01_train_20240531_022750.log

31-May-24 02:28:20 - Test Speaker: F01
31-May-24 02:28:20 - Log File Path: output/logs/torgo_tiny_finetune_F01/F01_train_20240531_022820.log

31-May-24 02:28:23 - Splitting the dataset into training / validation / test sets...
31-May-24 02:28:23 - Unique speakers found in the dataset:
31-May-24 02:28:23 - ['F01' 'F03' 'F04' 'FC01' 'FC02' 'FC03' 'M01' 'M02' 'M03' 'M04' 'M05'
 'MC01' 'MC02' 'MC03' 'MC04']

31-May-24 02:28:30 - After removal of repeated prompts, the number of data in each dataset is:
31-May-24 02:28:30 - Train:       9749/15091 (64%)
31-May-24 02:28:30 - Validation:  483/1075 (44%)
31-May-24 02:28:30 - Test:        126/228 (55%)

