30-May-24 18:10:18 - Test Speaker: MC01
30-May-24 18:10:18 - Log File Path: output/logs/torgo_whisper_finetune_MC01/MC01_train_20240530_181018.log

30-May-24 18:10:19 - Splitting the dataset into training / validation / test sets...
30-May-24 18:10:19 - Unique speakers found in the dataset:
30-May-24 18:10:19 - ['F01' 'F03' 'F04' 'FC01' 'FC02' 'FC03' 'M01' 'M02' 'M03' 'M04' 'M05'
 'MC01' 'MC02' 'MC03' 'MC04']

30-May-24 18:10:19 - After removal of repeated prompts, the number of data in each dataset is:
30-May-24 18:10:19 - Train:       8218/13178 (62%)
30-May-24 18:10:19 - Validation:  483/1075 (44%)
30-May-24 18:10:19 - Test:        508/2141 (23%)

30-May-24 18:10:19 - Vocab Dictionary:
30-May-24 18:10:19 - {'[PAD]': 0, '<s>': 1, '</s>': 2, '[UNK]': 3, "'": 4, 'a': 5, 'b': 6, 'c': 7, 'd': 8, 'e': 9, 'f': 10, 'g': 11, 'h': 12, 'i': 13, 'j': 14, 'k': 15, 'l': 16, 'm': 17, 'n': 18, 'o': 19, 'p': 20, 'q': 21, 'r': 22, 's': 23, 't': 24, 'u': 25, 'v': 26, 'w': 27, 'x': 28, 'y': 29, 'z': 30, '|': 31}

30-May-24 19:36:23 - No such comm target registered: jupyter.widget.control
30-May-24 19:36:23 - No such comm: 1782ae46-e002-4734-b341-3b1275d9bb48
30-May-24 19:51:33 - Splitting the dataset into training / validation / test sets...
30-May-24 19:51:33 - Unique speakers found in the dataset:
30-May-24 19:51:33 - ['F01' 'F03' 'F04' 'FC01' 'FC02' 'FC03' 'M01' 'M02' 'M03' 'M04' 'M05'
 'MC01' 'MC02' 'MC03' 'MC04']

30-May-24 19:51:35 - After removal of repeated prompts, the number of data in each dataset is:
30-May-24 19:51:35 - Train:       8218/13178 (62%)
30-May-24 19:51:35 - Validation:  483/1075 (44%)
30-May-24 19:51:35 - Test:        508/2141 (23%)

30-May-24 19:52:08 - Vocab Dictionary:
30-May-24 19:52:08 - {'[PAD]': 0, '<s>': 1, '</s>': 2, '[UNK]': 3, "'": 4, 'a': 5, 'b': 6, 'c': 7, 'd': 8, 'e': 9, 'f': 10, 'g': 11, 'h': 12, 'i': 13, 'j': 14, 'k': 15, 'l': 16, 'm': 17, 'n': 18, 'o': 19, 'p': 20, 'q': 21, 'r': 22, 's': 23, 't': 24, 'u': 25, 'v': 26, 'w': 27, 'x': 28, 'y': 29, 'z': 30, '|': 31}

30-May-24 22:26:04 - No such comm target registered: jupyter.widget.control
30-May-24 22:26:04 - No such comm: b26e136a-56c2-4298-bade-531c9995f49b
31-May-24 01:19:15 - No such comm target registered: jupyter.widget.control
31-May-24 01:19:15 - No such comm: 4513fad4-77e9-4ab9-87fb-72a7b0b1d96f
