Speaker ID: F01
Learning rate: {learning_rate}
Training batch size: 4
Evaluation batch size: 4
Random seed: 42
Gradient accumulation steps: 2
Optimizer type: adamw_torch
Learning rate scheduler type: linear
Number of epochs: 20
Keep all data: False
Debug mode: False
Repository suffix: 
The CSV file exists.
torgo_dataset_path: /work/van-speech-nlp/data/torgo
torgo_dataset_dir_path: /work/van-speech-nlp/data/torgo/
{'loss': 0.1254, 'learning_rate': 9.970000000000001e-05, 'epoch': 1.66}
{'eval_loss': 1.8418152332305908, 'eval_wer': 92.72727272727272, 'eval_runtime': 21.2741, 'eval_samples_per_second': 5.406, 'eval_steps_per_second': 5.406, 'epoch': 1.66}
{'loss': 0.1021, 'learning_rate': 9.550632911392405e-05, 'epoch': 2.49}
{'loss': 0.0684, 'learning_rate': 9.098553345388789e-05, 'epoch': 3.32}
{'eval_loss': 2.568093776702881, 'eval_wer': 96.72727272727273, 'eval_runtime': 21.298, 'eval_samples_per_second': 5.4, 'eval_steps_per_second': 5.4, 'epoch': 3.32}
{'loss': 0.0499, 'learning_rate': 8.646473779385172e-05, 'epoch': 4.15}
{'loss': 0.0381, 'learning_rate': 8.194394213381555e-05, 'epoch': 4.98}
{'eval_loss': 2.796861171722412, 'eval_wer': 177.8181818181818, 'eval_runtime': 22.2788, 'eval_samples_per_second': 5.162, 'eval_steps_per_second': 5.162, 'epoch': 4.98}
{'loss': 0.0312, 'learning_rate': 7.742314647377939e-05, 'epoch': 5.8}
{'loss': 0.0223, 'learning_rate': 7.290235081374322e-05, 'epoch': 6.63}
{'eval_loss': 2.964874744415283, 'eval_wer': 174.9090909090909, 'eval_runtime': 22.289, 'eval_samples_per_second': 5.16, 'eval_steps_per_second': 5.16, 'epoch': 6.63}
{'loss': 0.0184, 'learning_rate': 6.838155515370706e-05, 'epoch': 7.46}
{'loss': 0.0139, 'learning_rate': 6.386075949367089e-05, 'epoch': 8.29}
{'eval_loss': 3.332974433898926, 'eval_wer': 99.27272727272727, 'eval_runtime': 21.446, 'eval_samples_per_second': 5.362, 'eval_steps_per_second': 5.362, 'epoch': 8.29}
{'loss': 0.0103, 'learning_rate': 5.9339963833634726e-05, 'epoch': 9.12}
{'loss': 0.0095, 'learning_rate': 5.481916817359855e-05, 'epoch': 9.95}
{'eval_loss': 3.4179739952087402, 'eval_wer': 97.81818181818181, 'eval_runtime': 20.9915, 'eval_samples_per_second': 5.478, 'eval_steps_per_second': 5.478, 'epoch': 9.95}
{'loss': 0.0062, 'learning_rate': 5.029837251356239e-05, 'epoch': 10.78}
{'loss': 0.0049, 'learning_rate': 4.577757685352622e-05, 'epoch': 11.61}
{'eval_loss': 3.5189263820648193, 'eval_wer': 98.54545454545455, 'eval_runtime': 21.1448, 'eval_samples_per_second': 5.439, 'eval_steps_per_second': 5.439, 'epoch': 11.61}
{'loss': 0.0047, 'learning_rate': 4.1265822784810125e-05, 'epoch': 12.44}
{'loss': 0.0017, 'learning_rate': 3.674502712477396e-05, 'epoch': 13.27}
{'eval_loss': 3.4447672367095947, 'eval_wer': 97.0909090909091, 'eval_runtime': 21.125, 'eval_samples_per_second': 5.444, 'eval_steps_per_second': 5.444, 'epoch': 13.27}
{'loss': 0.0013, 'learning_rate': 3.22242314647378e-05, 'epoch': 14.1}
{'loss': 0.001, 'learning_rate': 2.7703435804701627e-05, 'epoch': 14.93}
{'eval_loss': 3.459632635116577, 'eval_wer': 98.54545454545455, 'eval_runtime': 21.0785, 'eval_samples_per_second': 5.456, 'eval_steps_per_second': 5.456, 'epoch': 14.93}
{'loss': 0.0004, 'learning_rate': 2.3182640144665462e-05, 'epoch': 15.75}
{'loss': 0.0004, 'learning_rate': 1.8661844484629296e-05, 'epoch': 16.58}
{'eval_loss': 3.408020257949829, 'eval_wer': 96.36363636363636, 'eval_runtime': 21.1328, 'eval_samples_per_second': 5.442, 'eval_steps_per_second': 5.442, 'epoch': 16.58}
{'loss': 0.0002, 'learning_rate': 1.4141048824593129e-05, 'epoch': 17.41}
{'loss': 0.0003, 'learning_rate': 9.620253164556963e-06, 'epoch': 18.24}
{'eval_loss': 3.410062074661255, 'eval_wer': 96.36363636363636, 'eval_runtime': 21.0802, 'eval_samples_per_second': 5.455, 'eval_steps_per_second': 5.455, 'epoch': 18.24}
{'loss': 0.0001, 'learning_rate': 5.099457504520796e-06, 'epoch': 19.07}
{'loss': 0.0, 'learning_rate': 5.786618444846293e-07, 'epoch': 19.9}
{'eval_loss': 3.4294941425323486, 'eval_wer': 96.0, 'eval_runtime': 21.0341, 'eval_samples_per_second': 5.467, 'eval_steps_per_second': 5.467, 'epoch': 19.9}
{'train_runtime': 20447.4485, 'train_samples_per_second': 9.427, 'train_steps_per_second': 0.59, 'train_loss': 0.021170992572141455, 'epoch': 20.0}

