Speaker ID: M05
Learning rate: {learning_rate}
Training batch size: 4
Evaluation batch size: 4
Random seed: 42
Gradient accumulation steps: 2
Optimizer type: adamw_torch
Learning rate scheduler type: linear
Number of epochs: 20
Keep all data: False
Debug mode: False
Repository suffix: 
The CSV file exists.
torgo_dataset_path: /work/van-speech-nlp/data/torgo
torgo_dataset_dir_path: /work/van-speech-nlp/data/torgo/
{'loss': 0.7762, 'learning_rate': 4.94e-05, 'epoch': 0.84}
{'eval_loss': 0.2680847942829132, 'eval_wer': 42.35993208828523, 'eval_runtime': 95.1582, 'eval_samples_per_second': 4.834, 'eval_steps_per_second': 4.834, 'epoch': 0.84}
{'loss': 0.0927, 'learning_rate': 9.94e-05, 'epoch': 1.68}
{'eval_loss': 0.26881030201911926, 'eval_wer': 26.06112054329372, 'eval_runtime': 97.0183, 'eval_samples_per_second': 4.741, 'eval_steps_per_second': 4.741, 'epoch': 1.68}
{'loss': 0.0703, 'learning_rate': 9.545955882352941e-05, 'epoch': 2.53}
{'eval_loss': 0.28271955251693726, 'eval_wer': 27.67402376910017, 'eval_runtime': 94.9427, 'eval_samples_per_second': 4.845, 'eval_steps_per_second': 4.845, 'epoch': 2.53}
{'loss': 0.0457, 'learning_rate': 9.08639705882353e-05, 'epoch': 3.37}
{'eval_loss': 0.24668267369270325, 'eval_wer': 22.410865874363328, 'eval_runtime': 96.8052, 'eval_samples_per_second': 4.752, 'eval_steps_per_second': 4.752, 'epoch': 3.37}
{'loss': 0.0318, 'learning_rate': 8.626838235294117e-05, 'epoch': 4.21}
{'eval_loss': 0.28995952010154724, 'eval_wer': 21.816638370118845, 'eval_runtime': 96.3785, 'eval_samples_per_second': 4.773, 'eval_steps_per_second': 4.773, 'epoch': 4.21}
{'loss': 0.0225, 'learning_rate': 8.167279411764706e-05, 'epoch': 5.05}
{'eval_loss': 0.2946756184101105, 'eval_wer': 23.93887945670628, 'eval_runtime': 95.4706, 'eval_samples_per_second': 4.818, 'eval_steps_per_second': 4.818, 'epoch': 5.05}
{'loss': 0.0173, 'learning_rate': 7.707720588235295e-05, 'epoch': 5.89}
{'eval_loss': 0.27517616748809814, 'eval_wer': 22.32597623089983, 'eval_runtime': 97.2135, 'eval_samples_per_second': 4.732, 'eval_steps_per_second': 4.732, 'epoch': 5.89}
{'loss': 0.0127, 'learning_rate': 7.248161764705884e-05, 'epoch': 6.73}
{'eval_loss': 0.27493777871131897, 'eval_wer': 22.75042444821732, 'eval_runtime': 96.3084, 'eval_samples_per_second': 4.776, 'eval_steps_per_second': 4.776, 'epoch': 6.73}
{'loss': 0.0112, 'learning_rate': 6.788602941176471e-05, 'epoch': 7.58}
{'eval_loss': 0.2956985533237457, 'eval_wer': 22.410865874363328, 'eval_runtime': 95.4138, 'eval_samples_per_second': 4.821, 'eval_steps_per_second': 4.821, 'epoch': 7.58}
{'loss': 0.008, 'learning_rate': 6.32904411764706e-05, 'epoch': 8.42}
{'eval_loss': 0.2765410244464874, 'eval_wer': 23.3446519524618, 'eval_runtime': 95.8791, 'eval_samples_per_second': 4.798, 'eval_steps_per_second': 4.798, 'epoch': 8.42}
{'loss': 0.0071, 'learning_rate': 5.869485294117647e-05, 'epoch': 9.26}
{'eval_loss': 0.27798500657081604, 'eval_wer': 30.305602716468588, 'eval_runtime': 96.173, 'eval_samples_per_second': 4.783, 'eval_steps_per_second': 4.783, 'epoch': 9.26}
{'loss': 0.0049, 'learning_rate': 5.409926470588236e-05, 'epoch': 10.1}
{'eval_loss': 0.2826569974422455, 'eval_wer': 23.514431239388795, 'eval_runtime': 96.2941, 'eval_samples_per_second': 4.777, 'eval_steps_per_second': 4.777, 'epoch': 10.1}
{'loss': 0.0045, 'learning_rate': 4.950367647058824e-05, 'epoch': 10.94}
{'eval_loss': 0.2883663475513458, 'eval_wer': 34.550084889643465, 'eval_runtime': 97.7009, 'eval_samples_per_second': 4.708, 'eval_steps_per_second': 4.708, 'epoch': 10.94}
{'loss': 0.0036, 'learning_rate': 4.490808823529412e-05, 'epoch': 11.78}
{'eval_loss': 0.2605355978012085, 'eval_wer': 36.16298811544992, 'eval_runtime': 96.5851, 'eval_samples_per_second': 4.763, 'eval_steps_per_second': 4.763, 'epoch': 11.78}
{'loss': 0.0028, 'learning_rate': 4.0312500000000004e-05, 'epoch': 12.63}
{'eval_loss': 0.27868643403053284, 'eval_wer': 30.560271646859082, 'eval_runtime': 96.6425, 'eval_samples_per_second': 4.76, 'eval_steps_per_second': 4.76, 'epoch': 12.63}
{'loss': 0.0024, 'learning_rate': 3.5716911764705885e-05, 'epoch': 13.47}
{'eval_loss': 0.2757587432861328, 'eval_wer': 31.57894736842105, 'eval_runtime': 96.7304, 'eval_samples_per_second': 4.755, 'eval_steps_per_second': 4.755, 'epoch': 13.47}
{'loss': 0.0016, 'learning_rate': 3.1121323529411766e-05, 'epoch': 14.31}
{'eval_loss': 0.28012314438819885, 'eval_wer': 33.1918505942275, 'eval_runtime': 96.1735, 'eval_samples_per_second': 4.783, 'eval_steps_per_second': 4.783, 'epoch': 14.31}
{'loss': 0.0018, 'learning_rate': 2.6525735294117647e-05, 'epoch': 15.15}
{'eval_loss': 0.2778584361076355, 'eval_wer': 33.95585738539898, 'eval_runtime': 96.0963, 'eval_samples_per_second': 4.787, 'eval_steps_per_second': 4.787, 'epoch': 15.15}
{'loss': 0.0011, 'learning_rate': 2.1930147058823532e-05, 'epoch': 15.99}
{'eval_loss': 0.27373582124710083, 'eval_wer': 37.26655348047538, 'eval_runtime': 94.832, 'eval_samples_per_second': 4.851, 'eval_steps_per_second': 4.851, 'epoch': 15.99}
{'loss': 0.0008, 'learning_rate': 1.7334558823529413e-05, 'epoch': 16.84}
{'eval_loss': 0.2756601572036743, 'eval_wer': 31.57894736842105, 'eval_runtime': 96.0911, 'eval_samples_per_second': 4.787, 'eval_steps_per_second': 4.787, 'epoch': 16.84}
{'loss': 0.0005, 'learning_rate': 1.2738970588235294e-05, 'epoch': 17.68}
{'eval_loss': 0.27867770195007324, 'eval_wer': 35.653650254668925, 'eval_runtime': 96.6645, 'eval_samples_per_second': 4.759, 'eval_steps_per_second': 4.759, 'epoch': 17.68}
{'loss': 0.0004, 'learning_rate': 8.143382352941177e-06, 'epoch': 18.52}
{'eval_loss': 0.2746807038784027, 'eval_wer': 35.908319185059426, 'eval_runtime': 94.7451, 'eval_samples_per_second': 4.855, 'eval_steps_per_second': 4.855, 'epoch': 18.52}
{'loss': 0.0003, 'learning_rate': 3.547794117647059e-06, 'epoch': 19.36}
{'eval_loss': 0.2754899859428406, 'eval_wer': 40.57724957555178, 'eval_runtime': 96.3164, 'eval_samples_per_second': 4.776, 'eval_steps_per_second': 4.776, 'epoch': 19.36}
{'train_runtime': 20924.0785, 'train_samples_per_second': 9.082, 'train_steps_per_second': 0.568, 'train_loss': 0.04714645915147331, 'epoch': 20.0}
The script took 349.65 minutes to run.
