Speaker ID: M04
Learning rate: {learning_rate}
Training batch size: 4
Evaluation batch size: 4
Random seed: 42
Gradient accumulation steps: 2
Optimizer type: adamw_torch
Learning rate scheduler type: linear
Number of epochs: 20
Keep all data: False
Debug mode: False
Repository suffix: 
The CSV file exists.
torgo_dataset_path: /work/van-speech-nlp/data/torgo
torgo_dataset_dir_path: /work/van-speech-nlp/data/torgo/
{'loss': 0.7695, 'learning_rate': 4.94e-05, 'epoch': 0.84}
{'eval_loss': 0.2501663565635681, 'eval_wer': 52.29202037351443, 'eval_runtime': 91.162, 'eval_samples_per_second': 5.046, 'eval_steps_per_second': 5.046, 'epoch': 0.84}
{'loss': 0.0895, 'learning_rate': 9.94e-05, 'epoch': 1.69}
{'eval_loss': 0.2591779828071594, 'eval_wer': 39.9830220713073, 'eval_runtime': 97.7818, 'eval_samples_per_second': 4.704, 'eval_steps_per_second': 4.704, 'epoch': 1.69}
{'loss': 0.069, 'learning_rate': 9.5451197053407e-05, 'epoch': 2.53}
{'eval_loss': 0.24939864873886108, 'eval_wer': 22.32597623089983, 'eval_runtime': 96.2673, 'eval_samples_per_second': 4.778, 'eval_steps_per_second': 4.778, 'epoch': 2.53}
{'loss': 0.0465, 'learning_rate': 9.084714548802947e-05, 'epoch': 3.37}
{'eval_loss': 0.26673611998558044, 'eval_wer': 29.626485568760614, 'eval_runtime': 97.0574, 'eval_samples_per_second': 4.739, 'eval_steps_per_second': 4.739, 'epoch': 3.37}
{'loss': 0.0311, 'learning_rate': 8.624309392265194e-05, 'epoch': 4.22}
{'eval_loss': 0.2489333152770996, 'eval_wer': 20.458404074702884, 'eval_runtime': 96.0369, 'eval_samples_per_second': 4.79, 'eval_steps_per_second': 4.79, 'epoch': 4.22}
{'loss': 0.0241, 'learning_rate': 8.163904235727441e-05, 'epoch': 5.06}
{'eval_loss': 0.2731379568576813, 'eval_wer': 23.174872665534803, 'eval_runtime': 96.5593, 'eval_samples_per_second': 4.764, 'eval_steps_per_second': 4.764, 'epoch': 5.06}
{'loss': 0.0156, 'learning_rate': 7.703499079189687e-05, 'epoch': 5.9}
{'eval_loss': 0.26079124212265015, 'eval_wer': 30.305602716468588, 'eval_runtime': 95.994, 'eval_samples_per_second': 4.792, 'eval_steps_per_second': 4.792, 'epoch': 5.9}
{'loss': 0.0127, 'learning_rate': 7.243093922651935e-05, 'epoch': 6.75}
{'eval_loss': 0.2944274842739105, 'eval_wer': 25.29711375212224, 'eval_runtime': 98.8393, 'eval_samples_per_second': 4.654, 'eval_steps_per_second': 4.654, 'epoch': 6.75}
{'loss': 0.0102, 'learning_rate': 6.782688766114181e-05, 'epoch': 7.59}
{'eval_loss': 0.28178149461746216, 'eval_wer': 25.891341256366722, 'eval_runtime': 98.8478, 'eval_samples_per_second': 4.654, 'eval_steps_per_second': 4.654, 'epoch': 7.59}
{'loss': 0.008, 'learning_rate': 6.322283609576428e-05, 'epoch': 8.43}
{'eval_loss': 0.2609557509422302, 'eval_wer': 25.127334465195243, 'eval_runtime': 96.034, 'eval_samples_per_second': 4.79, 'eval_steps_per_second': 4.79, 'epoch': 8.43}
{'loss': 0.0079, 'learning_rate': 5.861878453038674e-05, 'epoch': 9.27}
{'eval_loss': 0.2631969749927521, 'eval_wer': 24.61799660441426, 'eval_runtime': 96.397, 'eval_samples_per_second': 4.772, 'eval_steps_per_second': 4.772, 'epoch': 9.27}
{'loss': 0.0054, 'learning_rate': 5.4014732965009204e-05, 'epoch': 10.12}
{'eval_loss': 0.2776350975036621, 'eval_wer': 29.45670628183362, 'eval_runtime': 96.0522, 'eval_samples_per_second': 4.789, 'eval_steps_per_second': 4.789, 'epoch': 10.12}
{'loss': 0.0047, 'learning_rate': 4.941068139963168e-05, 'epoch': 10.96}
{'eval_loss': 0.27584022283554077, 'eval_wer': 28.098471986417657, 'eval_runtime': 96.4371, 'eval_samples_per_second': 4.77, 'eval_steps_per_second': 4.77, 'epoch': 10.96}
{'loss': 0.003, 'learning_rate': 4.4806629834254146e-05, 'epoch': 11.8}
{'eval_loss': 0.27438631653785706, 'eval_wer': 26.99490662139219, 'eval_runtime': 96.4206, 'eval_samples_per_second': 4.771, 'eval_steps_per_second': 4.771, 'epoch': 11.8}
{'loss': 0.0033, 'learning_rate': 4.020257826887661e-05, 'epoch': 12.65}
{'eval_loss': 0.28746485710144043, 'eval_wer': 22.07130730050934, 'eval_runtime': 96.4335, 'eval_samples_per_second': 4.77, 'eval_steps_per_second': 4.77, 'epoch': 12.65}
{'loss': 0.0022, 'learning_rate': 3.559852670349908e-05, 'epoch': 13.49}
{'eval_loss': 0.28423580527305603, 'eval_wer': 34.71986417657046, 'eval_runtime': 96.2223, 'eval_samples_per_second': 4.781, 'eval_steps_per_second': 4.781, 'epoch': 13.49}
{'loss': 0.0019, 'learning_rate': 3.099447513812155e-05, 'epoch': 14.33}
{'eval_loss': 0.27757853269577026, 'eval_wer': 29.796264855687603, 'eval_runtime': 95.742, 'eval_samples_per_second': 4.805, 'eval_steps_per_second': 4.805, 'epoch': 14.33}
{'loss': 0.0012, 'learning_rate': 2.6390423572744018e-05, 'epoch': 15.18}
{'eval_loss': 0.28499162197113037, 'eval_wer': 35.22920203735144, 'eval_runtime': 96.412, 'eval_samples_per_second': 4.771, 'eval_steps_per_second': 4.771, 'epoch': 15.18}
{'loss': 0.0012, 'learning_rate': 2.1786372007366485e-05, 'epoch': 16.02}
{'eval_loss': 0.2769874036312103, 'eval_wer': 28.947368421052634, 'eval_runtime': 96.23, 'eval_samples_per_second': 4.78, 'eval_steps_per_second': 4.78, 'epoch': 16.02}
{'loss': 0.0006, 'learning_rate': 1.718232044198895e-05, 'epoch': 16.86}
{'eval_loss': 0.27970463037490845, 'eval_wer': 56.36672325976231, 'eval_runtime': 97.2438, 'eval_samples_per_second': 4.73, 'eval_steps_per_second': 4.73, 'epoch': 16.86}
{'loss': 0.0006, 'learning_rate': 1.2578268876611418e-05, 'epoch': 17.71}
{'eval_loss': 0.280737042427063, 'eval_wer': 37.011884550084886, 'eval_runtime': 95.8802, 'eval_samples_per_second': 4.798, 'eval_steps_per_second': 4.798, 'epoch': 17.71}
{'loss': 0.0002, 'learning_rate': 7.974217311233887e-06, 'epoch': 18.55}
{'eval_loss': 0.2849348187446594, 'eval_wer': 36.7572156196944, 'eval_runtime': 96.0105, 'eval_samples_per_second': 4.791, 'eval_steps_per_second': 4.791, 'epoch': 18.55}
{'loss': 0.0002, 'learning_rate': 3.3701657458563538e-06, 'epoch': 19.39}
{'eval_loss': 0.2842365801334381, 'eval_wer': 39.55857385398981, 'eval_runtime': 95.7331, 'eval_samples_per_second': 4.805, 'eval_steps_per_second': 4.805, 'epoch': 19.39}
{'train_runtime': 21306.8569, 'train_samples_per_second': 8.894, 'train_steps_per_second': 0.557, 'train_loss': 0.04674024268746074, 'epoch': 20.0}
The script took 357.13 minutes to run.
