Speaker ID: M02
Learning rate: {learning_rate}
Training batch size: 4
Evaluation batch size: 4
Random seed: 42
Gradient accumulation steps: 2
Optimizer type: adamw_torch
Learning rate scheduler type: linear
Number of epochs: 20
Keep all data: False
Debug mode: False
Repository suffix: 
The CSV file exists.
torgo_dataset_path: /work/van-speech-nlp/data/torgo
torgo_dataset_dir_path: /work/van-speech-nlp/data/torgo/
{'loss': 0.7661, 'learning_rate': 4.94e-05, 'epoch': 0.85}
{'eval_loss': 0.2672467529773712, 'eval_wer': 64.68590831918506, 'eval_runtime': 91.3281, 'eval_samples_per_second': 5.037, 'eval_steps_per_second': 5.037, 'epoch': 0.85}
{'loss': 0.0893, 'learning_rate': 9.94e-05, 'epoch': 1.7}
{'eval_loss': 0.25234168767929077, 'eval_wer': 24.27843803056027, 'eval_runtime': 94.4141, 'eval_samples_per_second': 4.872, 'eval_steps_per_second': 4.872, 'epoch': 1.7}
{'loss': 0.0664, 'learning_rate': 9.54089219330855e-05, 'epoch': 2.55}
{'eval_loss': 0.2561616599559784, 'eval_wer': 20.37351443123939, 'eval_runtime': 96.5459, 'eval_samples_per_second': 4.765, 'eval_steps_per_second': 4.765, 'epoch': 2.55}
{'loss': 0.0439, 'learning_rate': 9.076208178438662e-05, 'epoch': 3.4}
{'eval_loss': 0.26741090416908264, 'eval_wer': 98.81154499151104, 'eval_runtime': 110.836, 'eval_samples_per_second': 4.15, 'eval_steps_per_second': 4.15, 'epoch': 3.4}
{'loss': 0.0303, 'learning_rate': 8.611524163568773e-05, 'epoch': 4.25}
{'eval_loss': 0.25655004382133484, 'eval_wer': 22.156196943972837, 'eval_runtime': 95.5264, 'eval_samples_per_second': 4.815, 'eval_steps_per_second': 4.815, 'epoch': 4.25}
{'loss': 0.0224, 'learning_rate': 8.146840148698885e-05, 'epoch': 5.1}
{'eval_loss': 0.273718923330307, 'eval_wer': 24.78777589134126, 'eval_runtime': 96.171, 'eval_samples_per_second': 4.783, 'eval_steps_per_second': 4.783, 'epoch': 5.1}
{'loss': 0.0164, 'learning_rate': 7.682156133828997e-05, 'epoch': 5.95}
{'eval_loss': 0.2760731875896454, 'eval_wer': 41.341256366723265, 'eval_runtime': 96.4786, 'eval_samples_per_second': 4.768, 'eval_steps_per_second': 4.768, 'epoch': 5.95}
{'loss': 0.0139, 'learning_rate': 7.217472118959108e-05, 'epoch': 6.8}
{'eval_loss': 0.2923198640346527, 'eval_wer': 31.32427843803056, 'eval_runtime': 92.7665, 'eval_samples_per_second': 4.959, 'eval_steps_per_second': 4.959, 'epoch': 6.8}
{'loss': 0.0102, 'learning_rate': 6.75278810408922e-05, 'epoch': 7.65}
{'eval_loss': 0.2841470539569855, 'eval_wer': 45.50084889643464, 'eval_runtime': 97.5652, 'eval_samples_per_second': 4.715, 'eval_steps_per_second': 4.715, 'epoch': 7.65}
{'loss': 0.0082, 'learning_rate': 6.288104089219331e-05, 'epoch': 8.5}
{'eval_loss': 0.29134953022003174, 'eval_wer': 36.5874363327674, 'eval_runtime': 93.6009, 'eval_samples_per_second': 4.914, 'eval_steps_per_second': 4.914, 'epoch': 8.5}
{'loss': 0.0058, 'learning_rate': 5.8234200743494424e-05, 'epoch': 9.35}
{'eval_loss': 0.3038139343261719, 'eval_wer': 22.24108658743633, 'eval_runtime': 94.8608, 'eval_samples_per_second': 4.849, 'eval_steps_per_second': 4.849, 'epoch': 9.35}
{'loss': 0.0065, 'learning_rate': 5.3587360594795546e-05, 'epoch': 10.2}
{'eval_loss': 0.2852990925312042, 'eval_wer': 22.665534804753822, 'eval_runtime': 94.3707, 'eval_samples_per_second': 4.874, 'eval_steps_per_second': 4.874, 'epoch': 10.2}
{'loss': 0.0052, 'learning_rate': 4.8940520446096656e-05, 'epoch': 11.05}
{'eval_loss': 0.28064611554145813, 'eval_wer': 22.495755517826826, 'eval_runtime': 94.4074, 'eval_samples_per_second': 4.873, 'eval_steps_per_second': 4.873, 'epoch': 11.05}
{'loss': 0.0033, 'learning_rate': 4.429368029739777e-05, 'epoch': 11.9}
{'eval_loss': 0.28657206892967224, 'eval_wer': 30.814940577249576, 'eval_runtime': 94.5529, 'eval_samples_per_second': 4.865, 'eval_steps_per_second': 4.865, 'epoch': 11.9}
{'loss': 0.0026, 'learning_rate': 3.964684014869889e-05, 'epoch': 12.76}
{'eval_loss': 0.285220742225647, 'eval_wer': 24.36332767402377, 'eval_runtime': 95.3847, 'eval_samples_per_second': 4.823, 'eval_steps_per_second': 4.823, 'epoch': 12.76}
{'loss': 0.0027, 'learning_rate': 3.5e-05, 'epoch': 13.61}
{'eval_loss': 0.29564958810806274, 'eval_wer': 54.49915110356537, 'eval_runtime': 95.0573, 'eval_samples_per_second': 4.839, 'eval_steps_per_second': 4.839, 'epoch': 13.61}
{'loss': 0.0017, 'learning_rate': 3.0353159851301116e-05, 'epoch': 14.46}
{'eval_loss': 0.2958565652370453, 'eval_wer': 31.069609507640067, 'eval_runtime': 94.6712, 'eval_samples_per_second': 4.859, 'eval_steps_per_second': 4.859, 'epoch': 14.46}
{'loss': 0.0012, 'learning_rate': 2.5706319702602232e-05, 'epoch': 15.31}
{'eval_loss': 0.29743048548698425, 'eval_wer': 35.993208828522924, 'eval_runtime': 93.8414, 'eval_samples_per_second': 4.902, 'eval_steps_per_second': 4.902, 'epoch': 15.31}
{'loss': 0.0012, 'learning_rate': 2.105947955390335e-05, 'epoch': 16.16}
{'eval_loss': 0.29928168654441833, 'eval_wer': 39.55857385398981, 'eval_runtime': 93.8524, 'eval_samples_per_second': 4.901, 'eval_steps_per_second': 4.901, 'epoch': 16.16}
{'loss': 0.0008, 'learning_rate': 1.641263940520446e-05, 'epoch': 17.01}
{'eval_loss': 0.29495739936828613, 'eval_wer': 44.14261460101868, 'eval_runtime': 93.8478, 'eval_samples_per_second': 4.902, 'eval_steps_per_second': 4.902, 'epoch': 17.01}
{'loss': 0.0004, 'learning_rate': 1.1765799256505577e-05, 'epoch': 17.86}
{'eval_loss': 0.29878902435302734, 'eval_wer': 47.02886247877759, 'eval_runtime': 94.9108, 'eval_samples_per_second': 4.847, 'eval_steps_per_second': 4.847, 'epoch': 17.86}
{'loss': 0.0002, 'learning_rate': 7.118959107806691e-06, 'epoch': 18.71}
{'eval_loss': 0.29476702213287354, 'eval_wer': 44.227504244482176, 'eval_runtime': 94.5223, 'eval_samples_per_second': 4.867, 'eval_steps_per_second': 4.867, 'epoch': 18.71}
{'loss': 0.0002, 'learning_rate': 2.472118959107807e-06, 'epoch': 19.56}
{'eval_loss': 0.296921044588089, 'eval_wer': 44.99151103565365, 'eval_runtime': 95.2061, 'eval_samples_per_second': 4.832, 'eval_steps_per_second': 4.832, 'epoch': 19.56}
{'train_runtime': 20701.6629, 'train_samples_per_second': 9.083, 'train_steps_per_second': 0.568, 'train_loss': 0.046721173467615076, 'epoch': 20.0}
The script took 353.73 minutes to run.
