Speaker ID: F01
Learning rate: {learning_rate}
Training batch size: 4
Evaluation batch size: 4
Random seed: 42
Gradient accumulation steps: 2
Optimizer type: adamw_torch
Learning rate scheduler type: linear
Number of epochs: 20
Keep all data: False
Debug mode: False
Repository suffix: 
The CSV file exists.
torgo_dataset_path: /work/van-speech-nlp/data/torgo
torgo_dataset_dir_path: /work/van-speech-nlp/data/torgo/
{'loss': 0.7815, 'learning_rate': 4.94e-05, 'epoch': 0.83}
{'eval_loss': 0.2625178396701813, 'eval_wer': 39.38879456706282, 'eval_runtime': 99.055, 'eval_samples_per_second': 4.644, 'eval_steps_per_second': 4.644, 'epoch': 0.83}
{'loss': 0.0936, 'learning_rate': 9.94e-05, 'epoch': 1.66}
{'eval_loss': 0.2655234932899475, 'eval_wer': 29.45670628183362, 'eval_runtime': 98.6109, 'eval_samples_per_second': 4.665, 'eval_steps_per_second': 4.665, 'epoch': 1.66}
{'loss': 0.0711, 'learning_rate': 9.553345388788428e-05, 'epoch': 2.49}
{'eval_loss': 0.2516545057296753, 'eval_wer': 25.46689303904924, 'eval_runtime': 98.822, 'eval_samples_per_second': 4.655, 'eval_steps_per_second': 4.655, 'epoch': 2.49}
{'loss': 0.0456, 'learning_rate': 9.10126582278481e-05, 'epoch': 3.32}
{'eval_loss': 0.2738342881202698, 'eval_wer': 28.69269949066214, 'eval_runtime': 99.6674, 'eval_samples_per_second': 4.615, 'eval_steps_per_second': 4.615, 'epoch': 3.32}
{'loss': 0.0327, 'learning_rate': 8.649186256781195e-05, 'epoch': 4.15}
{'eval_loss': 0.2769683301448822, 'eval_wer': 34.88964346349746, 'eval_runtime': 101.2662, 'eval_samples_per_second': 4.542, 'eval_steps_per_second': 4.542, 'epoch': 4.15}
{'loss': 0.0258, 'learning_rate': 8.197106690777578e-05, 'epoch': 4.98}
{'eval_loss': 0.26533475518226624, 'eval_wer': 20.0339558573854, 'eval_runtime': 99.8912, 'eval_samples_per_second': 4.605, 'eval_steps_per_second': 4.605, 'epoch': 4.98}
{'loss': 0.0181, 'learning_rate': 7.74502712477396e-05, 'epoch': 5.8}
{'eval_loss': 0.2902408838272095, 'eval_wer': 27.079796264855688, 'eval_runtime': 100.7896, 'eval_samples_per_second': 4.564, 'eval_steps_per_second': 4.564, 'epoch': 5.8}
{'loss': 0.0145, 'learning_rate': 7.292947558770345e-05, 'epoch': 6.63}
{'eval_loss': 0.2800661027431488, 'eval_wer': 22.32597623089983, 'eval_runtime': 99.2833, 'eval_samples_per_second': 4.633, 'eval_steps_per_second': 4.633, 'epoch': 6.63}
{'loss': 0.0114, 'learning_rate': 6.840867992766727e-05, 'epoch': 7.46}
{'eval_loss': 0.31737425923347473, 'eval_wer': 27.079796264855688, 'eval_runtime': 100.9336, 'eval_samples_per_second': 4.557, 'eval_steps_per_second': 4.557, 'epoch': 7.46}
{'loss': 0.0094, 'learning_rate': 6.38878842676311e-05, 'epoch': 8.29}
{'eval_loss': 0.27888184785842896, 'eval_wer': 47.87775891341256, 'eval_runtime': 102.0431, 'eval_samples_per_second': 4.508, 'eval_steps_per_second': 4.508, 'epoch': 8.29}
{'loss': 0.0072, 'learning_rate': 5.9367088607594944e-05, 'epoch': 9.12}
{'eval_loss': 0.28268730640411377, 'eval_wer': 20.797962648556876, 'eval_runtime': 100.516, 'eval_samples_per_second': 4.576, 'eval_steps_per_second': 4.576, 'epoch': 9.12}
{'loss': 0.0058, 'learning_rate': 5.484629294755877e-05, 'epoch': 9.95}
{'eval_loss': 0.30106982588768005, 'eval_wer': 23.853989813242784, 'eval_runtime': 99.6896, 'eval_samples_per_second': 4.614, 'eval_steps_per_second': 4.614, 'epoch': 9.95}
{'loss': 0.0046, 'learning_rate': 5.0325497287522606e-05, 'epoch': 10.78}
{'eval_loss': 0.28920283913612366, 'eval_wer': 23.00509337860781, 'eval_runtime': 99.7733, 'eval_samples_per_second': 4.61, 'eval_steps_per_second': 4.61, 'epoch': 10.78}
{'loss': 0.0035, 'learning_rate': 4.580470162748644e-05, 'epoch': 11.61}
{'eval_loss': 0.2858278751373291, 'eval_wer': 20.54329371816638, 'eval_runtime': 99.8859, 'eval_samples_per_second': 4.605, 'eval_steps_per_second': 4.605, 'epoch': 11.61}
{'loss': 0.0034, 'learning_rate': 4.1283905967450275e-05, 'epoch': 12.44}
{'eval_loss': 0.28759706020355225, 'eval_wer': 25.21222410865874, 'eval_runtime': 100.5404, 'eval_samples_per_second': 4.575, 'eval_steps_per_second': 4.575, 'epoch': 12.44}
{'loss': 0.0021, 'learning_rate': 3.676311030741411e-05, 'epoch': 13.27}
{'eval_loss': 0.28757601976394653, 'eval_wer': 23.174872665534803, 'eval_runtime': 100.7302, 'eval_samples_per_second': 4.567, 'eval_steps_per_second': 4.567, 'epoch': 13.27}
{'loss': 0.002, 'learning_rate': 3.2242314647377943e-05, 'epoch': 14.1}
{'eval_loss': 0.3039199709892273, 'eval_wer': 41.935483870967744, 'eval_runtime': 101.5082, 'eval_samples_per_second': 4.532, 'eval_steps_per_second': 4.532, 'epoch': 14.1}
{'loss': 0.0019, 'learning_rate': 2.772151898734177e-05, 'epoch': 14.93}
{'eval_loss': 0.3059540092945099, 'eval_wer': 24.70288624787776, 'eval_runtime': 99.9756, 'eval_samples_per_second': 4.601, 'eval_steps_per_second': 4.601, 'epoch': 14.93}
{'loss': 0.001, 'learning_rate': 2.3200723327305605e-05, 'epoch': 15.75}
{'eval_loss': 0.29375484585762024, 'eval_wer': 30.475382003395584, 'eval_runtime': 100.2096, 'eval_samples_per_second': 4.59, 'eval_steps_per_second': 4.59, 'epoch': 15.75}
{'loss': 0.0009, 'learning_rate': 1.867992766726944e-05, 'epoch': 16.58}
{'eval_loss': 0.29979246854782104, 'eval_wer': 31.32427843803056, 'eval_runtime': 100.3671, 'eval_samples_per_second': 4.583, 'eval_steps_per_second': 4.583, 'epoch': 16.58}
{'loss': 0.0007, 'learning_rate': 1.4159132007233276e-05, 'epoch': 17.41}
{'eval_loss': 0.29327651858329773, 'eval_wer': 37.096774193548384, 'eval_runtime': 100.2011, 'eval_samples_per_second': 4.591, 'eval_steps_per_second': 4.591, 'epoch': 17.41}
{'loss': 0.0005, 'learning_rate': 9.638336347197108e-06, 'epoch': 18.24}
{'eval_loss': 0.2937009632587433, 'eval_wer': 39.72835314091681, 'eval_runtime': 100.3278, 'eval_samples_per_second': 4.585, 'eval_steps_per_second': 4.585, 'epoch': 18.24}
{'loss': 0.0004, 'learning_rate': 5.11754068716094e-06, 'epoch': 19.07}
{'eval_loss': 0.29207679629325867, 'eval_wer': 69.8641765704584, 'eval_runtime': 100.197, 'eval_samples_per_second': 4.591, 'eval_steps_per_second': 4.591, 'epoch': 19.07}
{'loss': 0.0002, 'learning_rate': 5.96745027124774e-07, 'epoch': 19.9}
{'eval_loss': 0.2914922833442688, 'eval_wer': 73.93887945670629, 'eval_runtime': 100.5388, 'eval_samples_per_second': 4.575, 'eval_steps_per_second': 4.575, 'epoch': 19.9}
{'train_runtime': 22841.2751, 'train_samples_per_second': 8.439, 'train_steps_per_second': 0.528, 'train_loss': 0.047169677880561756, 'epoch': 20.0}
The script took 388.84 minutes to run.
