Speaker ID: M01
Learning rate: {learning_rate}
Training batch size: 4
Evaluation batch size: 4
Random seed: 42
Gradient accumulation steps: 2
Optimizer type: adamw_torch
Learning rate scheduler type: linear
Number of epochs: 20
Keep all data: False
Debug mode: False
Repository suffix: 
The CSV file exists.
torgo_dataset_path: /work/van-speech-nlp/data/torgo
torgo_dataset_dir_path: /work/van-speech-nlp/data/torgo/
{'loss': 0.768, 'learning_rate': 4.94e-05, 'epoch': 0.85}
{'eval_loss': 0.26007702946662903, 'eval_wer': 25.891341256366722, 'eval_runtime': 99.2801, 'eval_samples_per_second': 4.633, 'eval_steps_per_second': 4.633, 'epoch': 0.85}
{'loss': 0.0914, 'learning_rate': 9.94e-05, 'epoch': 1.7}
{'eval_loss': 0.2568565011024475, 'eval_wer': 99.830220713073, 'eval_runtime': 79.722, 'eval_samples_per_second': 5.77, 'eval_steps_per_second': 5.77, 'epoch': 1.7}
{'loss': 0.0699, 'learning_rate': 9.541743970315398e-05, 'epoch': 2.55}
{'eval_loss': 0.2626071572303772, 'eval_wer': 39.30390492359932, 'eval_runtime': 101.048, 'eval_samples_per_second': 4.552, 'eval_steps_per_second': 4.552, 'epoch': 2.55}
{'loss': 0.042, 'learning_rate': 9.077922077922078e-05, 'epoch': 3.4}
{'eval_loss': 0.26914021372795105, 'eval_wer': 26.06112054329372, 'eval_runtime': 98.7716, 'eval_samples_per_second': 4.657, 'eval_steps_per_second': 4.657, 'epoch': 3.4}
{'loss': 0.0336, 'learning_rate': 8.614100185528757e-05, 'epoch': 4.24}
{'eval_loss': 0.2619243860244751, 'eval_wer': 25.46689303904924, 'eval_runtime': 100.0564, 'eval_samples_per_second': 4.597, 'eval_steps_per_second': 4.597, 'epoch': 4.24}
{'loss': 0.0229, 'learning_rate': 8.150278293135436e-05, 'epoch': 5.09}
{'eval_loss': 0.26131537556648254, 'eval_wer': 29.20203735144312, 'eval_runtime': 98.2633, 'eval_samples_per_second': 4.681, 'eval_steps_per_second': 4.681, 'epoch': 5.09}
{'loss': 0.0166, 'learning_rate': 7.686456400742116e-05, 'epoch': 5.94}
{'eval_loss': 0.25249195098876953, 'eval_wer': 30.050933786078097, 'eval_runtime': 99.5353, 'eval_samples_per_second': 4.621, 'eval_steps_per_second': 4.621, 'epoch': 5.94}
{'loss': 0.0112, 'learning_rate': 7.222634508348794e-05, 'epoch': 6.79}
{'eval_loss': 0.2842879593372345, 'eval_wer': 30.730050933786078, 'eval_runtime': 98.2803, 'eval_samples_per_second': 4.68, 'eval_steps_per_second': 4.68, 'epoch': 6.79}
{'loss': 0.0113, 'learning_rate': 6.758812615955473e-05, 'epoch': 7.64}
{'eval_loss': 0.28621527552604675, 'eval_wer': 25.891341256366722, 'eval_runtime': 98.5468, 'eval_samples_per_second': 4.668, 'eval_steps_per_second': 4.668, 'epoch': 7.64}
{'loss': 0.0085, 'learning_rate': 6.294990723562152e-05, 'epoch': 8.49}
{'eval_loss': 0.27260422706604004, 'eval_wer': 29.541595925297116, 'eval_runtime': 96.7216, 'eval_samples_per_second': 4.756, 'eval_steps_per_second': 4.756, 'epoch': 8.49}
{'loss': 0.0059, 'learning_rate': 5.831168831168832e-05, 'epoch': 9.34}
{'eval_loss': 0.27819788455963135, 'eval_wer': 35.653650254668925, 'eval_runtime': 97.1687, 'eval_samples_per_second': 4.734, 'eval_steps_per_second': 4.734, 'epoch': 9.34}
{'loss': 0.0052, 'learning_rate': 5.3673469387755104e-05, 'epoch': 10.19}
{'eval_loss': 0.29712432622909546, 'eval_wer': 39.64346349745331, 'eval_runtime': 96.6639, 'eval_samples_per_second': 4.759, 'eval_steps_per_second': 4.759, 'epoch': 10.19}
{'loss': 0.0041, 'learning_rate': 4.90352504638219e-05, 'epoch': 11.04}
{'eval_loss': 0.28862231969833374, 'eval_wer': 26.99490662139219, 'eval_runtime': 96.8234, 'eval_samples_per_second': 4.751, 'eval_steps_per_second': 4.751, 'epoch': 11.04}
{'loss': 0.0043, 'learning_rate': 4.4397031539888684e-05, 'epoch': 11.88}
{'eval_loss': 0.2952007055282593, 'eval_wer': 29.28692699490662, 'eval_runtime': 96.7363, 'eval_samples_per_second': 4.755, 'eval_steps_per_second': 4.755, 'epoch': 11.88}
{'loss': 0.0031, 'learning_rate': 3.975881261595548e-05, 'epoch': 12.73}
{'eval_loss': 0.28575465083122253, 'eval_wer': 34.38030560271647, 'eval_runtime': 97.907, 'eval_samples_per_second': 4.698, 'eval_steps_per_second': 4.698, 'epoch': 12.73}
{'loss': 0.0022, 'learning_rate': 3.5120593692022263e-05, 'epoch': 13.58}
{'eval_loss': 0.2844493091106415, 'eval_wer': 35.908319185059426, 'eval_runtime': 97.2891, 'eval_samples_per_second': 4.728, 'eval_steps_per_second': 4.728, 'epoch': 13.58}
{'loss': 0.0019, 'learning_rate': 3.0482374768089057e-05, 'epoch': 14.43}
{'eval_loss': 0.2748594284057617, 'eval_wer': 33.78607809847199, 'eval_runtime': 97.0737, 'eval_samples_per_second': 4.739, 'eval_steps_per_second': 4.739, 'epoch': 14.43}
{'loss': 0.0013, 'learning_rate': 2.5844155844155843e-05, 'epoch': 15.28}
{'eval_loss': 0.2882324457168579, 'eval_wer': 41.341256366723265, 'eval_runtime': 96.7122, 'eval_samples_per_second': 4.756, 'eval_steps_per_second': 4.756, 'epoch': 15.28}
{'loss': 0.0014, 'learning_rate': 2.1205936920222636e-05, 'epoch': 16.13}
{'eval_loss': 0.28167465329170227, 'eval_wer': 44.39728353140917, 'eval_runtime': 98.6524, 'eval_samples_per_second': 4.663, 'eval_steps_per_second': 4.663, 'epoch': 16.13}
{'loss': 0.0008, 'learning_rate': 1.6567717996289426e-05, 'epoch': 16.98}
{'eval_loss': 0.2872234880924225, 'eval_wer': 39.72835314091681, 'eval_runtime': 96.9396, 'eval_samples_per_second': 4.745, 'eval_steps_per_second': 4.745, 'epoch': 16.98}
{'loss': 0.0006, 'learning_rate': 1.1929499072356216e-05, 'epoch': 17.83}
{'eval_loss': 0.28458064794540405, 'eval_wer': 41.850594227504246, 'eval_runtime': 97.3199, 'eval_samples_per_second': 4.727, 'eval_steps_per_second': 4.727, 'epoch': 17.83}
{'loss': 0.0003, 'learning_rate': 7.291280148423006e-06, 'epoch': 18.68}
{'eval_loss': 0.289950966835022, 'eval_wer': 45.24617996604414, 'eval_runtime': 97.1254, 'eval_samples_per_second': 4.736, 'eval_steps_per_second': 4.736, 'epoch': 18.68}
{'loss': 0.0003, 'learning_rate': 2.653061224489796e-06, 'epoch': 19.52}
{'eval_loss': 0.2863573729991913, 'eval_wer': 45.67062818336163, 'eval_runtime': 97.1056, 'eval_samples_per_second': 4.737, 'eval_steps_per_second': 4.737, 'epoch': 19.52}
{'train_runtime': 21243.7977, 'train_samples_per_second': 8.862, 'train_steps_per_second': 0.555, 'train_loss': 0.04697804891509091, 'epoch': 20.0}
The script took 354.77 minutes to run.
