Speaker ID: F04
Learning rate: {learning_rate}
Training batch size: 4
Evaluation batch size: 4
Random seed: 42
Gradient accumulation steps: 2
Optimizer type: adamw_torch
Learning rate scheduler type: linear
Number of epochs: 20
Keep all data: False
Debug mode: False
Repository suffix: 
The CSV file exists.
torgo_dataset_path: /work/van-speech-nlp/data/torgo
torgo_dataset_dir_path: /work/van-speech-nlp/data/torgo/
{'loss': 0.7886, 'learning_rate': 4.94e-05, 'epoch': 0.85}
{'eval_loss': 0.2527386546134949, 'eval_wer': 38.20033955857385, 'eval_runtime': 98.8516, 'eval_samples_per_second': 4.653, 'eval_steps_per_second': 4.653, 'epoch': 0.85}
{'loss': 0.0987, 'learning_rate': 9.94e-05, 'epoch': 1.69}
{'eval_loss': 0.27708765864372253, 'eval_wer': 51.782682512733444, 'eval_runtime': 94.6561, 'eval_samples_per_second': 4.86, 'eval_steps_per_second': 4.86, 'epoch': 1.69}
{'loss': 0.0695, 'learning_rate': 9.542592592592593e-05, 'epoch': 2.54}
{'eval_loss': 0.24627448618412018, 'eval_wer': 38.62478777589134, 'eval_runtime': 101.7759, 'eval_samples_per_second': 4.52, 'eval_steps_per_second': 4.52, 'epoch': 2.54}
{'loss': 0.0479, 'learning_rate': 9.07962962962963e-05, 'epoch': 3.39}
{'eval_loss': 0.2699417173862457, 'eval_wer': 26.825127334465193, 'eval_runtime': 98.7928, 'eval_samples_per_second': 4.656, 'eval_steps_per_second': 4.656, 'epoch': 3.39}
{'loss': 0.0314, 'learning_rate': 8.616666666666667e-05, 'epoch': 4.24}
{'eval_loss': 0.2857474982738495, 'eval_wer': 23.2597623089983, 'eval_runtime': 99.8055, 'eval_samples_per_second': 4.609, 'eval_steps_per_second': 4.609, 'epoch': 4.24}
{'loss': 0.0239, 'learning_rate': 8.153703703703704e-05, 'epoch': 5.08}
{'eval_loss': 0.2698442339897156, 'eval_wer': 23.684210526315788, 'eval_runtime': 99.3407, 'eval_samples_per_second': 4.631, 'eval_steps_per_second': 4.631, 'epoch': 5.08}
{'loss': 0.0173, 'learning_rate': 7.690740740740741e-05, 'epoch': 5.93}
{'eval_loss': 0.2771446704864502, 'eval_wer': 25.21222410865874, 'eval_runtime': 99.3468, 'eval_samples_per_second': 4.63, 'eval_steps_per_second': 4.63, 'epoch': 5.93}
{'loss': 0.0122, 'learning_rate': 7.227777777777778e-05, 'epoch': 6.78}
{'eval_loss': 0.273281991481781, 'eval_wer': 26.7402376910017, 'eval_runtime': 98.9306, 'eval_samples_per_second': 4.65, 'eval_steps_per_second': 4.65, 'epoch': 6.78}
{'loss': 0.0099, 'learning_rate': 6.764814814814815e-05, 'epoch': 7.63}
{'eval_loss': 0.2812041640281677, 'eval_wer': 26.570458404074703, 'eval_runtime': 99.0727, 'eval_samples_per_second': 4.643, 'eval_steps_per_second': 4.643, 'epoch': 7.63}
{'loss': 0.0091, 'learning_rate': 6.301851851851853e-05, 'epoch': 8.47}
{'eval_loss': 0.2773364782333374, 'eval_wer': 23.429541595925297, 'eval_runtime': 99.1288, 'eval_samples_per_second': 4.64, 'eval_steps_per_second': 4.64, 'epoch': 8.47}
{'loss': 0.0077, 'learning_rate': 5.838888888888889e-05, 'epoch': 9.32}
{'eval_loss': 0.28393417596817017, 'eval_wer': 30.560271646859082, 'eval_runtime': 97.9096, 'eval_samples_per_second': 4.698, 'eval_steps_per_second': 4.698, 'epoch': 9.32}
{'loss': 0.0057, 'learning_rate': 5.375925925925926e-05, 'epoch': 10.17}
{'eval_loss': 0.2721693515777588, 'eval_wer': 23.769100169779286, 'eval_runtime': 98.8034, 'eval_samples_per_second': 4.656, 'eval_steps_per_second': 4.656, 'epoch': 10.17}
{'loss': 0.0043, 'learning_rate': 4.912962962962963e-05, 'epoch': 11.02}
{'eval_loss': 0.2958991229534149, 'eval_wer': 34.38030560271647, 'eval_runtime': 95.3009, 'eval_samples_per_second': 4.827, 'eval_steps_per_second': 4.827, 'epoch': 11.02}
{'loss': 0.0028, 'learning_rate': 4.4500000000000004e-05, 'epoch': 11.86}
{'eval_loss': 0.2782530188560486, 'eval_wer': 33.02207130730051, 'eval_runtime': 97.8965, 'eval_samples_per_second': 4.699, 'eval_steps_per_second': 4.699, 'epoch': 11.86}
{'loss': 0.0026, 'learning_rate': 3.9870370370370376e-05, 'epoch': 12.71}
{'eval_loss': 0.29998454451560974, 'eval_wer': 32.76740237691001, 'eval_runtime': 97.9769, 'eval_samples_per_second': 4.695, 'eval_steps_per_second': 4.695, 'epoch': 12.71}
{'loss': 0.0025, 'learning_rate': 3.524074074074074e-05, 'epoch': 13.56}
{'eval_loss': 0.28650733828544617, 'eval_wer': 32.682512733446515, 'eval_runtime': 98.0823, 'eval_samples_per_second': 4.69, 'eval_steps_per_second': 4.69, 'epoch': 13.56}
{'loss': 0.0022, 'learning_rate': 3.061111111111111e-05, 'epoch': 14.41}
{'eval_loss': 0.2946350872516632, 'eval_wer': 38.879456706281836, 'eval_runtime': 95.3055, 'eval_samples_per_second': 4.827, 'eval_steps_per_second': 4.827, 'epoch': 14.41}
{'loss': 0.0014, 'learning_rate': 2.5981481481481486e-05, 'epoch': 15.25}
{'eval_loss': 0.28577038645744324, 'eval_wer': 38.37011884550085, 'eval_runtime': 97.0142, 'eval_samples_per_second': 4.742, 'eval_steps_per_second': 4.742, 'epoch': 15.25}
{'loss': 0.0012, 'learning_rate': 2.1351851851851854e-05, 'epoch': 16.1}
{'eval_loss': 0.2953164577484131, 'eval_wer': 63.83701188455009, 'eval_runtime': 96.2518, 'eval_samples_per_second': 4.779, 'eval_steps_per_second': 4.779, 'epoch': 16.1}
{'loss': 0.0006, 'learning_rate': 1.6722222222222222e-05, 'epoch': 16.95}
{'eval_loss': 0.29280737042427063, 'eval_wer': 42.95415959252971, 'eval_runtime': 98.6056, 'eval_samples_per_second': 4.665, 'eval_steps_per_second': 4.665, 'epoch': 16.95}
{'loss': 0.0004, 'learning_rate': 1.2092592592592593e-05, 'epoch': 17.8}
{'eval_loss': 0.2910042405128479, 'eval_wer': 43.71816638370119, 'eval_runtime': 95.9636, 'eval_samples_per_second': 4.793, 'eval_steps_per_second': 4.793, 'epoch': 17.8}
{'loss': 0.0004, 'learning_rate': 7.4629629629629634e-06, 'epoch': 18.64}
{'eval_loss': 0.2947389781475067, 'eval_wer': 44.821731748726656, 'eval_runtime': 97.2429, 'eval_samples_per_second': 4.73, 'eval_steps_per_second': 4.73, 'epoch': 18.64}
{'loss': 0.0002, 'learning_rate': 2.8333333333333335e-06, 'epoch': 19.49}
{'eval_loss': 0.29477789998054504, 'eval_wer': 46.17996604414261, 'eval_runtime': 96.6826, 'eval_samples_per_second': 4.758, 'eval_steps_per_second': 4.758, 'epoch': 19.49}
{'train_runtime': 21308.822, 'train_samples_per_second': 8.86, 'train_steps_per_second': 0.554, 'train_loss': 0.04832957896703886, 'epoch': 20.0}
The script took 356.35 minutes to run.
